<?xml version="1.0" encoding="UTF-8"?>
<!-- Generated by org.testng.reporters.JUnitReportReporter -->
<testsuite hostname="DESKTOP-EU216N6" name="testNG_Framework.Part1_Annotations" tests="2" failures="0" timestamp="23 Nov 2022 11:58:55 GMT" time="0.006" errors="0">
  <testcase name="TC_02" time="0.002" classname="testNG_Framework.Part1_Annotations"/>
  <testcase name="TC_01" time="0.004" classname="testNG_Framework.Part1_Annotations"/>
</testsuite> <!-- testNG_Framework.Part1_Annotations -->
