<?xml version="1.0" encoding="UTF-8"?>
<!-- Generated by org.testng.reporters.JUnitReportReporter -->
<testsuite hostname="DESKTOP-EU216N6" name="webdriver_api.Topic_6_Button_Radio_Checkbox_Alert" tests="1" failures="0" timestamp="1 Nov 2022 15:08:20 GMT" time="24.332" errors="0">
  <testcase name="TC_04_Alert" time="24.332" classname="webdriver_api.Topic_6_Button_Radio_Checkbox_Alert"/>
</testsuite> <!-- webdriver_api.Topic_6_Button_Radio_Checkbox_Alert -->
