<?xml version="1.0" encoding="UTF-8"?>
<!-- Generated by org.testng.reporters.JUnitReportReporter -->
<testsuite hostname="DESKTOP-EU216N6" name="webdriver_api.Topic_8_Window_Tab" tests="1" failures="0" timestamp="12 Nov 2022 14:19:58 GMT" time="6.205" errors="0">
  <testcase name="TC_01_Window" time="6.205" classname="webdriver_api.Topic_8_Window_Tab"/>
</testsuite> <!-- webdriver_api.Topic_8_Window_Tab -->
