<?xml version="1.0" encoding="UTF-8"?>
<!-- Generated by org.testng.reporters.JUnitReportReporter -->
<testsuite hostname="DESKTOP-EU216N6" name="webdriver_api.Topic_5_Textbox_Textarea_DropdownList2" tests="2" failures="0" timestamp="25 Oct 2022 14:20:00 GMT" time="5.908" errors="0">
  <testcase name="TC_02_Edit_Customer" time="3.507" classname="webdriver_api.Topic_5_Textbox_Textarea_DropdownList2"/>
  <testcase name="TC_01_New_Customer" time="2.401" classname="webdriver_api.Topic_5_Textbox_Textarea_DropdownList2"/>
</testsuite> <!-- webdriver_api.Topic_5_Textbox_Textarea_DropdownList2 -->
