<?xml version="1.0" encoding="UTF-8"?>
<!-- Generated by org.testng.reporters.JUnitReportReporter -->
<testsuite hostname="DESKTOP-EU216N6" name="webdriver_api.Topic_5_DropdownList" tests="1" failures="0" timestamp="31 Oct 2022 14:15:08 GMT" time="32.951" errors="0">
  <testcase name="TC_04_Custom_DropdownList_REACT" time="32.951" classname="webdriver_api.Topic_5_DropdownList"/>
</testsuite> <!-- webdriver_api.Topic_5_DropdownList -->
