<?xml version="1.0" encoding="UTF-8"?>
<!-- Generated by org.testng.reporters.JUnitReportReporter -->
<testsuite hostname="DESKTOP-EU216N6" name="webdriver_api.Topic_9_Javascript_Executor_Exercise" tests="1" failures="0" timestamp="14 Nov 2022 14:49:49 GMT" time="7.309" errors="0">
  <testcase name="TC_05_Create_Account" time="7.309" classname="webdriver_api.Topic_9_Javascript_Executor_Exercise"/>
</testsuite> <!-- webdriver_api.Topic_9_Javascript_Executor_Exercise -->
