<?xml version="1.0" encoding="UTF-8"?>
<!-- Generated by org.testng.reporters.JUnitReportReporter -->
<testsuite hostname="DESKTOP-EU216N6" name="webdriver_api.Topic_1" tests="1" failures="0" timestamp="16 Oct 2022 14:07:59 GMT" time="3.917" errors="0">
  <testcase name="TC_06_Create_New_Account" time="3.917" classname="webdriver_api.Topic_1"/>
</testsuite> <!-- webdriver_api.Topic_1 -->
