<?xml version="1.0" encoding="UTF-8"?>
<!-- Generated by org.testng.reporters.JUnitReportReporter -->
<testsuite hostname="DESKTOP-EU216N6" name="webdriver_api.Topic_6_Button_Radio_Checkbox_Alert_Exercise" tests="1" failures="0" timestamp="6 Nov 2022 03:52:21 GMT" time="2.683" errors="0">
  <testcase name="TC_04_Default_Checkbox_RadioButton" time="2.683" classname="webdriver_api.Topic_6_Button_Radio_Checkbox_Alert_Exercise"/>
</testsuite> <!-- webdriver_api.Topic_6_Button_Radio_Checkbox_Alert_Exercise -->
