<?xml version="1.0" encoding="UTF-8"?>
<!-- Generated by org.testng.reporters.JUnitReportReporter -->
<testsuite hostname="DESKTOP-EU216N6" name="testNG_Framework.Part5_Parameter" tests="2" failures="0" timestamp="23 Nov 2022 11:58:55 GMT" time="38.629" errors="0">
  <testcase name="TC_01_LoginToSystem" time="34.052" classname="testNG_Framework.Part5_Parameter"/>
  <testcase name="TC_01_LoginToSystem" time="4.577" classname="testNG_Framework.Part5_Parameter"/>
</testsuite> <!-- testNG_Framework.Part5_Parameter -->
