<?xml version="1.0" encoding="UTF-8"?>
<!-- Generated by org.testng.reporters.JUnitReportReporter -->
<testsuite hostname="DESKTOP-EU216N6" name="testNG_Framework.Part3_Priority" tests="5" failures="0" timestamp="23 Nov 2022 11:58:55 GMT" time="0.003" errors="0">
  <testcase name="Priority_06_Delete_customer" time="0.001" classname="testNG_Framework.Part3_Priority"/>
  <testcase name="Priority_04_Edit_account" time="0.001" classname="testNG_Framework.Part3_Priority"/>
  <testcase name="Priority_02_Edit_customer" time="0.001" classname="testNG_Framework.Part3_Priority"/>
  <testcase name="Priority_01_Create_new_customer" time="0.000" classname="testNG_Framework.Part3_Priority"/>
  <testcase name="Priority_05_Delete_account" time="0.000" classname="testNG_Framework.Part3_Priority"/>
</testsuite> <!-- testNG_Framework.Part3_Priority -->
