<?xml version="1.0" encoding="UTF-8"?>
<!-- Generated by org.testng.reporters.JUnitReportReporter -->
<testsuite hostname="DESKTOP-EU216N6" name="webdriver_api.Topic_9_Javascript_Executor_Exercise" tests="1" failures="0" timestamp="15 Nov 2022 08:14:36 GMT" time="0.693" errors="0">
  <testcase name="TC_02_JS" time="0.693" classname="webdriver_api.Topic_9_Javascript_Executor_Exercise"/>
</testsuite> <!-- webdriver_api.Topic_9_Javascript_Executor_Exercise -->
