<?xml version="1.0" encoding="UTF-8"?>
<!-- Generated by org.testng.reporters.JUnitReportReporter -->
<testsuite hostname="DESKTOP-EU216N6" name="webdriver_api.Topic_2_Selenium_API_Commands" tests="4" failures="0" timestamp="19 Oct 2022 13:50:19 GMT" time="28.719" errors="0">
  <testcase name="TC_02_Veryfy_Title" time="6.796" classname="webdriver_api.Topic_2_Selenium_API_Commands"/>
  <testcase name="TC_04_Get_PageSource_Code" time="6.957" classname="webdriver_api.Topic_2_Selenium_API_Commands"/>
  <testcase name="TC_01_Veryfy_URL" time="6.548" classname="webdriver_api.Topic_2_Selenium_API_Commands"/>
  <testcase name="TC_03_Navigate_function" time="8.418" classname="webdriver_api.Topic_2_Selenium_API_Commands"/>
</testsuite> <!-- webdriver_api.Topic_2_Selenium_API_Commands -->
