<?xml version="1.0" encoding="UTF-8"?>
<!-- Generated by org.testng.reporters.JUnitReportReporter -->
<testsuite hostname="DESKTOP-EU216N6" name="testNG_Framework.Part4_Data_Provider" tests="2" failures="0" timestamp="23 Nov 2022 11:58:55 GMT" time="12.167" errors="0">
  <testcase name="TC_01_LoginToSystem" time="8.530" classname="testNG_Framework.Part4_Data_Provider"/>
  <testcase name="TC_01_LoginToSystem" time="3.637" classname="testNG_Framework.Part4_Data_Provider"/>
</testsuite> <!-- testNG_Framework.Part4_Data_Provider -->
