<?xml version="1.0" encoding="UTF-8"?>
<!-- Generated by org.testng.reporters.JUnitReportReporter -->
<testsuite hostname="DESKTOP-DKFNVD5" name="webdriver_api.Topic_1" tests="4" failures="0" timestamp="11 Oct 2022 15:17:23 GMT" time="37.350" errors="0">
  <testcase name="TC_03_Login_With_Password_Less_6Char" time="9.912" classname="webdriver_api.Topic_1"/>
  <testcase name="TC_01_Login_Empty" time="8.113" classname="webdriver_api.Topic_1"/>
  <testcase name="TC_02_Login_With_Email_Invalid" time="7.751" classname="webdriver_api.Topic_1"/>
  <testcase name="TC_04_Login_With_Password_Incorrect" time="11.574" classname="webdriver_api.Topic_1"/>
</testsuite> <!-- webdriver_api.Topic_1 -->
