<?xml version="1.0" encoding="UTF-8"?>
<!-- Generated by org.testng.reporters.JUnitReportReporter -->
<testsuite hostname="DESKTOP-EU216N6" name="webdriver_api.Topic_11_Wait_Part_4_ImplicitlyWait" tests="1" failures="0" timestamp="20 Nov 2022 10:43:18 GMT" time="10.659" errors="0">
  <testcase name="TC_05_Date_Explicit" time="10.659" classname="webdriver_api.Topic_11_Wait_Part_4_ImplicitlyWait"/>
</testsuite> <!-- webdriver_api.Topic_11_Wait_Part_4_ImplicitlyWait -->
