<?xml version="1.0" encoding="UTF-8"?>
<!-- Generated by org.testng.reporters.JUnitReportReporter -->
<testsuite hostname="DESKTOP-EU216N6" name="testNG_Framework.NewTest" tests="2" failures="0" timestamp="23 Nov 2022 09:45:43 GMT" time="0.003" errors="0">
  <testcase name="f" time="0.000" classname="testNG_Framework.NewTest"/>
  <testcase name="f" time="0.003" classname="testNG_Framework.NewTest"/>
</testsuite> <!-- testNG_Framework.NewTest -->
