<?xml version="1.0" encoding="UTF-8"?>
<!-- Generated by org.testng.reporters.JUnitReportReporter -->
<testsuite hostname="DESKTOP-EU216N6" name="testNG_Framework.Part6_Loop" tests="6" failures="0" timestamp="23 Nov 2022 12:00:49 GMT" time="83.868" errors="0">
  <testcase name="TC_01_LoginToSystem" time="5.622" classname="testNG_Framework.Part6_Loop"/>
  <testcase name="TC_01_LoginToSystem" time="6.734" classname="testNG_Framework.Part6_Loop"/>
  <testcase name="TC_01_LoginToSystem" time="5.983" classname="testNG_Framework.Part6_Loop"/>
  <testcase name="TC_01_LoginToSystem" time="8.804" classname="testNG_Framework.Part6_Loop"/>
  <testcase name="TC_01_LoginToSystem" time="5.816" classname="testNG_Framework.Part6_Loop"/>
  <testcase name="TC_01_LoginToSystem" time="50.909" classname="testNG_Framework.Part6_Loop"/>
</testsuite> <!-- testNG_Framework.Part6_Loop -->
