<?xml version="1.0" encoding="UTF-8"?>
<!-- Generated by org.testng.reporters.JUnitReportReporter -->
<testsuite hostname="DESKTOP-EU216N6" name="testNG_Framework.Part2_Group" tests="10" failures="0" timestamp="23 Nov 2022 12:02:47 GMT" time="0.015" errors="0">
  <testcase name="TC_02" time="0.000" classname="testNG_Framework.Part2_Group"/>
  <testcase name="TC_02" time="0.001" classname="testNG_Framework.Part2_Group"/>
  <testcase name="TC_04" time="0.001" classname="testNG_Framework.Part2_Group"/>
  <testcase name="TC_05" time="0.001" classname="testNG_Framework.Part2_Group"/>
  <testcase name="TC_05" time="0.001" classname="testNG_Framework.Part2_Group"/>
  <testcase name="TC_03" time="0.001" classname="testNG_Framework.Part2_Group"/>
  <testcase name="TC_04" time="0.000" classname="testNG_Framework.Part2_Group"/>
  <testcase name="TC_03" time="0.001" classname="testNG_Framework.Part2_Group"/>
  <testcase name="TC_01" time="0.008" classname="testNG_Framework.Part2_Group"/>
  <testcase name="TC_01" time="0.001" classname="testNG_Framework.Part2_Group"/>
</testsuite> <!-- testNG_Framework.Part2_Group -->
